Using pre-set license
Built from '2020.2/release' branch; Version is '2020.2.2f1 (068178b99f32) revision 426360'; Using compiler version '192528614'; Build Type 'Release'
OS: 'Windows 10 Home; OS build 18363.1316; Version 1909; 64bit' Language: 'en' Physical Memory: 16321 MB
BatchMode: 1, IsHumanControllingUs: 0, StartBugReporterOnCrash: 0, Is64bit: 1, IsPro: 0

 COMMAND LINE ARGUMENTS:
D:\unity\2020.2.2f1\Editor\Unity.exe
-adb2
-batchMode
-noUpm
-name
AssetImportWorker0
-projectPath
C:/Users/qianz/OneDrive/桌面/iat 445/IAT-445-A2/A2
-logFile
Logs/AssetImportWorker0.log
-srvPort
49910
Successfully changed project path to: C:/Users/qianz/OneDrive/桌面/iat 445/IAT-445-A2/A2
C:/Users/qianz/OneDrive/桌面/iat 445/IAT-445-A2/A2
Using Asset Import Pipeline V2.
Refreshing native plugins compatible for Editor in 72.27 ms, found 0 plugins.
Preloading 0 native plugins for Editor in 0.00 ms.
Initialize engine version: 2020.2.2f1 (068178b99f32)
[Subsystems] Discovering subsystems at path D:/unity/2020.2.2f1/Editor/Data/Resources/UnitySubsystems
[Subsystems] Discovering subsystems at path C:/Users/qianz/OneDrive/桌面/iat 445/IAT-445-A2/A2/Assets
GfxDevice: creating device client; threaded=0
Direct3D:
    Version:  Direct3D 11.0 [level 11.1]
    Renderer: NVIDIA GeForce GTX 1070 (ID=0x1b81)
    Vendor:   
    VRAM:     8088 MB
    Driver:   27.21.14.5671
Initialize mono
Mono path[0] = 'D:/unity/2020.2.2f1/Editor/Data/Managed'
Mono path[1] = 'D:/unity/2020.2.2f1/Editor/Data/MonoBleedingEdge/lib/mono/unityjit'
Mono config path = 'D:/unity/2020.2.2f1/Editor/Data/MonoBleedingEdge/etc'
Using monoOptions --debugger-agent=transport=dt_socket,embedding=1,server=y,suspend=n,address=127.0.0.1:56236
Begin MonoManager ReloadAssembly
Registering precompiled unity dll's ...
Register platform support module: D:/unity/2020.2.2f1/Editor/Data/PlaybackEngines/WindowsStandaloneSupport/UnityEditor.WindowsStandalone.Extensions.dll
Registered in 0.002475 seconds.
Native extension for WindowsStandalone target not found
Refreshing native plugins compatible for Editor in 65.26 ms, found 0 plugins.
Preloading 0 native plugins for Editor in 0.00 ms.
Invoked RoslynAnalysisRunner static constructor.
RoslynAnalysisRunner will not be running.
RoslynAnalysisRunner has terminated.
Mono: successfully reloaded assembly
- Completed reload, in  1.148 seconds
Platform modules already initialized, skipping
Registering precompiled user dll's ...
Registered in 0.003066 seconds.
Begin MonoManager ReloadAssembly
Native extension for WindowsStandalone target not found
Refreshing native plugins compatible for Editor in 49.39 ms, found 0 plugins.
Preloading 0 native plugins for Editor in 0.00 ms.
Invoked RoslynAnalysisRunner static constructor.
RoslynAnalysisRunner will not be running.
RoslynAnalysisRunner has terminated.
Mono: successfully reloaded assembly
- Completed reload, in  1.069 seconds
Platform modules already initialized, skipping
========================================================================
Worker process is ready to serve import requests
Launched and connected shader compiler UnityShaderCompiler.exe after 0.05 seconds
Refreshing native plugins compatible for Editor in 0.52 ms, found 0 plugins.
Preloading 0 native plugins for Editor in 0.00 ms.
Unloading 2913 Unused Serialized files (Serialized files now loaded: 0)
System memory in use before: 142.7 MB.
System memory in use after: 142.5 MB.

Unloading 81 unused Assets to reduce memory usage. Loaded Objects now: 3377.
Total: 2.963200 ms (FindLiveObjects: 0.272100 ms CreateObjectMapping: 0.191700 ms MarkObjects: 2.005200 ms  DeleteObjects: 0.493300 ms)

========================================================================
Received Import Request.
  path: Assets/scene2.unity
  artifactKey: Guid(11d4c8b2406ad5d4ca09cc71b2bd4722) Importer(815301076,1909f56bfc062723c751e8b465ee728b)
Start importing Assets/scene2.unity using Guid(11d4c8b2406ad5d4ca09cc71b2bd4722) Importer(815301076,1909f56bfc062723c751e8b465ee728b)  -> (artifact id: 'd311d1b38e62c0a16ec224919f57d166') in 0.011865 seconds
  Import took 0.016052 seconds .

========================================================================
Received Import Request.
  Time since last request: 2.324134 seconds.
  path: Assets/scene2.unity
  artifactKey: Guid(11d4c8b2406ad5d4ca09cc71b2bd4722) Importer(815301076,1909f56bfc062723c751e8b465ee728b)
Start importing Assets/scene2.unity using Guid(11d4c8b2406ad5d4ca09cc71b2bd4722) Importer(815301076,1909f56bfc062723c751e8b465ee728b)  -> (artifact id: 'd311d1b38e62c0a16ec224919f57d166') in 0.005638 seconds
  Import took 0.009698 seconds .

========================================================================
Received Prepare
Registering precompiled user dll's ...
Registered in 0.002625 seconds.
Begin MonoManager ReloadAssembly
Native extension for WindowsStandalone target not found
Refreshing native plugins compatible for Editor in 0.51 ms, found 0 plugins.
Preloading 0 native plugins for Editor in 0.00 ms.
Warning: Annotation not found!
UnityEngine.StackTraceUtility:ExtractStackTrace ()
UnityEditor.ProBuilder.EditorUtility:SetGizmoIconEnabled (System.Type,bool) (at Library/PackageCache/com.unity.probuilder@4.4.0/Editor/EditorCore/EditorUtility.cs:593)
UnityEditor.ProBuilder.HierarchyListener:.cctor () (at Library/PackageCache/com.unity.probuilder@4.4.0/Editor/EditorCore/HierarchyListener.cs:21)
System.Runtime.CompilerServices.RuntimeHelpers:RunClassConstructor (System.RuntimeTypeHandle)
UnityEditor.EditorAssemblies:ProcessInitializeOnLoadAttributes (System.Type[])

[Library/PackageCache/com.unity.probuilder@4.4.0/Editor/EditorCore/EditorUtility.cs line 593]

Invoked RoslynAnalysisRunner static constructor.
RoslynAnalysisRunner will not be running.
RoslynAnalysisRunner has terminated.
Mono: successfully reloaded assembly
- Completed reload, in  0.994 seconds
Platform modules already initialized, skipping
Refreshing native plugins compatible for Editor in 0.48 ms, found 0 plugins.
Preloading 0 native plugins for Editor in 0.00 ms.
Unloading 2849 Unused Serialized files (Serialized files now loaded: 0)
System memory in use before: 139.2 MB.
System memory in use after: 139.0 MB.

Unloading 10 unused Assets to reduce memory usage. Loaded Objects now: 3379.
Total: 3.001000 ms (FindLiveObjects: 0.335700 ms CreateObjectMapping: 0.136800 ms MarkObjects: 2.070100 ms  DeleteObjects: 0.457300 ms)

AssetImportWorkerClient::OnTransportError - code=2 error=End of file
